---- 
06/06/16 02:10:02 
C:\xampp\htdocs\NATY\OGTickets_Proyecto\back-end\app\src\services\EventsService.php: 459
9---- 
06/06/16 02:10:35 
C:\xampp\htdocs\NATY\OGTickets_Proyecto\back-end\app\src\services\EventsService.php: 459
9---- 
06/06/16 02:10:56 
C:\xampp\htdocs\NATY\OGTickets_Proyecto\back-end\app\src\services\UserService.php: 88
Array
(
    [data] => Array
        (
            [0] => Array
                (
                    [idUsuario] => 2
                    [0] => 2
                    [PrimerNombre] => Naty
                    [1] => Naty
                    [SegundoNombre] => 
                    [2] => 
                    [PrimerApellido] => Mata
                    [3] => Mata
                    [SegundoApellido] => 
                    [4] => 
                    [TbTipoUsuario_idTipoUsuario] => 2
                    [5] => 2
                    [password] => $2y$10$Sf2DbHxDcMzLswtfEKWqSeEoFuFH2qMnpgwsr2tB.SLHKSh/abdeS
                    [6] => $2y$10$Sf2DbHxDcMzLswtfEKWqSeEoFuFH2qMnpgwsr2tB.SLHKSh/abdeS
                )

        )

    [meta] => Array
        (
            [count] => 1
        )

)
---- 
06/06/16 02:10:56 
C:\xampp\htdocs\NATY\OGTickets_Proyecto\back-end\app\src\services\UserService.php: 96
123---- 
06/06/16 02:19:27 
C:\xampp\htdocs\NATY\OGTickets_Proyecto\back-end\app\src\services\UserService.php: 88
Array
(
    [data] => 
    [meta] => Array
        (
            [count] => 0
        )

)
---- 
06/06/16 02:19:39 
C:\xampp\htdocs\NATY\OGTickets_Proyecto\back-end\app\src\services\UserService.php: 88
Array
(
    [data] => 
    [meta] => Array
        (
            [count] => 0
        )

)
---- 
06/06/16 02:19:42 
C:\xampp\htdocs\NATY\OGTickets_Proyecto\back-end\app\src\services\UserService.php: 88
Array
(
    [data] => 
    [meta] => Array
        (
            [count] => 0
        )

)
---- 
06/06/16 02:19:43 
C:\xampp\htdocs\NATY\OGTickets_Proyecto\back-end\app\src\services\UserService.php: 88
Array
(
    [data] => 
    [meta] => Array
        (
            [count] => 0
        )

)
---- 
06/06/16 02:20:06 
C:\xampp\htdocs\NATY\OGTickets_Proyecto\back-end\app\src\services\UserService.php: 88
Array
(
    [data] => Array
        (
            [0] => Array
                (
                    [idUsuario] => 1
                    [0] => 1
                    [PrimerNombre] => oxyGen
                    [1] => oxyGen
                    [SegundoNombre] => 
                    [2] => 
                    [PrimerApellido] => CWD
                    [3] => CWD
                    [SegundoApellido] => 
                    [4] => 
                    [TbTipoUsuario_idTipoUsuario] => 1
                    [5] => 1
                    [password] => $2y$10$DCFpTK0HAZavFKsosLM6i.vCjiOFiJl4RKY.w0fsmzJ5vT94EbNDS
                    [6] => $2y$10$DCFpTK0HAZavFKsosLM6i.vCjiOFiJl4RKY.w0fsmzJ5vT94EbNDS
                )

        )

    [meta] => Array
        (
            [count] => 1
        )

)
---- 
06/06/16 02:20:06 
C:\xampp\htdocs\NATY\OGTickets_Proyecto\back-end\app\src\services\UserService.php: 96
admins---- 
06/06/16 02:20:11 
C:\xampp\htdocs\NATY\OGTickets_Proyecto\back-end\app\src\services\UserService.php: 88
Array
(
    [data] => Array
        (
            [0] => Array
                (
                    [idUsuario] => 1
                    [0] => 1
                    [PrimerNombre] => oxyGen
                    [1] => oxyGen
                    [SegundoNombre] => 
                    [2] => 
                    [PrimerApellido] => CWD
                    [3] => CWD
                    [SegundoApellido] => 
                    [4] => 
                    [TbTipoUsuario_idTipoUsuario] => 1
                    [5] => 1
                    [password] => $2y$10$DCFpTK0HAZavFKsosLM6i.vCjiOFiJl4RKY.w0fsmzJ5vT94EbNDS
                    [6] => $2y$10$DCFpTK0HAZavFKsosLM6i.vCjiOFiJl4RKY.w0fsmzJ5vT94EbNDS
                )

        )

    [meta] => Array
        (
            [count] => 1
        )

)
---- 
06/06/16 02:20:11 
C:\xampp\htdocs\NATY\OGTickets_Proyecto\back-end\app\src\services\UserService.php: 96
admin---- 
06/06/16 02:20:20 
C:\xampp\htdocs\NATY\OGTickets_Proyecto\back-end\app\src\services\EventsService.php: 459
9